::1 - - [13/Apr/2022:08:57:53 +0000] "GET /api HTTP/1.1" 200 51
::1 - - [13/Apr/2022:08:59:13 +0000] "GET /api HTTP/1.1" 404 142
::1 - - [13/Apr/2022:08:59:21 +0000] "GET /api/password HTTP/1.1" 200 51
::1 - - [13/Apr/2022:09:12:23 +0000] "GET /api//password HTTP/1.1" 200 51
::1 - - [13/Apr/2022:10:01:36 +0000] "GET /api//password HTTP/1.1" 200 149
::1 - - [13/Apr/2022:10:05:29 +0000] "GET /api//password HTTP/1.1" 200 177
::1 - - [13/Apr/2022:10:08:17 +0000] "GET /api//password HTTP/1.1" 200 112
::1 - - [13/Apr/2022:11:22:05 +0000] "GET /api//password HTTP/1.1" 200 112
::1 - - [13/Apr/2022:12:00:44 +0000] "GET /api//stk/push HTTP/1.1" 404 152
::1 - - [13/Apr/2022:12:01:55 +0000] "POST /api//stk/push HTTP/1.1" - -
::1 - - [13/Apr/2022:12:02:59 +0000] "POST /api//stk/push HTTP/1.1" - -
::1 - - [13/Apr/2022:12:20:17 +0000] "POST /api//stk/push HTTP/1.1" - -
::1 - - [13/Apr/2022:12:27:57 +0000] "POST /api//stk/push HTTP/1.1" - -
::1 - - [13/Apr/2022:12:29:25 +0000] "POST /api/stk/push HTTP/1.1" - -
::1 - - [13/Apr/2022:12:31:08 +0000] "POST /api/stk/push HTTP/1.1" 200 10
::1 - - [13/Apr/2022:12:35:04 +0000] "POST /api/stk/push HTTP/1.1" - -
::1 - - [13/Apr/2022:12:35:58 +0000] "POST /api/stk/push HTTP/1.1" 200 10
::1 - - [13/Apr/2022:12:36:22 +0000] "POST /api/stk/push HTTP/1.1" 200 10
::1 - - [13/Apr/2022:12:36:41 +0000] "POST /api/stk/push HTTP/1.1" 200 10
::1 - - [13/Apr/2022:12:37:46 +0000] "POST /api/stk/push HTTP/1.1" 200 10
::1 - - [13/Apr/2022:12:38:16 +0000] "POST /api/stk/push HTTP/1.1" 200 10
::1 - - [13/Apr/2022:12:38:44 +0000] "POST /api/stk/push HTTP/1.1" 200 10
::1 - - [13/Apr/2022:12:39:47 +0000] "POST /api/stk/push HTTP/1.1" 200 10
::1 - - [13/Apr/2022:12:40:12 +0000] "POST /api/stk/push HTTP/1.1" 200 10
::1 - - [13/Apr/2022:12:41:03 +0000] "POST /api/stk/push HTTP/1.1" 200 10
